[INFO] [2016-02-23 14:21:01][org.springframework.beans.factory.xml.XmlBeanDefinitionReader]Loading XML bean definitions from class path resource [spring-mybatis.xml]
[INFO] [2016-02-23 14:21:01][org.springframework.context.support.GenericApplicationContext]Refreshing org.springframework.context.support.GenericApplicationContext@3b81a1bc: startup date [Tue Feb 23 14:21:01 CST 2016]; root of context hierarchy
[INFO] [2016-02-23 14:21:01][org.springframework.beans.factory.config.PropertyPlaceholderConfigurer]Loading properties file from class path resource [jdbc.properties]
[INFO] [2016-02-23 14:21:01][org.springframework.beans.factory.annotation.AutowiredAnnotationBeanPostProcessor]JSR-330 'javax.inject.Inject' annotation found and supported for autowiring
[INFO] [2016-02-23 14:21:02][serviceTest.UserServiceTest]用户名：ssm
[INFO] [2016-02-23 14:21:02][org.springframework.context.support.GenericApplicationContext]Closing org.springframework.context.support.GenericApplicationContext@3b81a1bc: startup date [Tue Feb 23 14:21:01 CST 2016]; root of context hierarchy
[INFO] [2016-02-23 14:21:44][org.springframework.beans.factory.xml.XmlBeanDefinitionReader]Loading XML bean definitions from class path resource [spring-mybatis.xml]
[INFO] [2016-02-23 14:21:44][org.springframework.context.support.GenericApplicationContext]Refreshing org.springframework.context.support.GenericApplicationContext@3b81a1bc: startup date [Tue Feb 23 14:21:44 CST 2016]; root of context hierarchy
[INFO] [2016-02-23 14:21:44][org.springframework.beans.factory.config.PropertyPlaceholderConfigurer]Loading properties file from class path resource [jdbc.properties]
[INFO] [2016-02-23 14:21:44][org.springframework.beans.factory.annotation.AutowiredAnnotationBeanPostProcessor]JSR-330 'javax.inject.Inject' annotation found and supported for autowiring
[INFO] [2016-02-23 14:21:45][serviceTest.UserServiceTest]{"age":10,"id":1,"password":"ssm","userName":"ssm"}
[INFO] [2016-02-23 14:21:45][org.springframework.context.support.GenericApplicationContext]Closing org.springframework.context.support.GenericApplicationContext@3b81a1bc: startup date [Tue Feb 23 14:21:44 CST 2016]; root of context hierarchy
[INFO] [2016-02-23 15:46:23][org.springframework.beans.factory.xml.XmlBeanDefinitionReader]Loading XML bean definitions from class path resource [spring-mybatis.xml]
[INFO] [2016-02-23 15:46:23][org.springframework.context.support.GenericApplicationContext]Refreshing org.springframework.context.support.GenericApplicationContext@3b81a1bc: startup date [Tue Feb 23 15:46:23 CST 2016]; root of context hierarchy
[INFO] [2016-02-23 15:46:23][org.springframework.beans.factory.config.PropertyPlaceholderConfigurer]Loading properties file from class path resource [jdbc.properties]
[INFO] [2016-02-23 15:46:23][org.springframework.beans.factory.annotation.AutowiredAnnotationBeanPostProcessor]JSR-330 'javax.inject.Inject' annotation found and supported for autowiring
[INFO] [2016-02-23 15:46:24][org.springframework.context.support.GenericApplicationContext]Closing org.springframework.context.support.GenericApplicationContext@3b81a1bc: startup date [Tue Feb 23 15:46:23 CST 2016]; root of context hierarchy
[INFO] [2016-02-23 15:47:08][org.springframework.beans.factory.xml.XmlBeanDefinitionReader]Loading XML bean definitions from class path resource [spring-mybatis.xml]
[INFO] [2016-02-23 15:47:08][org.springframework.context.support.GenericApplicationContext]Refreshing org.springframework.context.support.GenericApplicationContext@3b81a1bc: startup date [Tue Feb 23 15:47:08 CST 2016]; root of context hierarchy
[INFO] [2016-02-23 15:47:08][org.springframework.beans.factory.config.PropertyPlaceholderConfigurer]Loading properties file from class path resource [jdbc.properties]
[INFO] [2016-02-23 15:47:08][org.springframework.beans.factory.annotation.AutowiredAnnotationBeanPostProcessor]JSR-330 'javax.inject.Inject' annotation found and supported for autowiring
[INFO] [2016-02-23 15:47:08][org.springframework.beans.factory.xml.XmlBeanDefinitionReader]Loading XML bean definitions from class path resource [org/springframework/jdbc/support/sql-error-codes.xml]
[INFO] [2016-02-23 15:47:08][org.springframework.jdbc.support.SQLErrorCodesFactory]SQLErrorCodes loaded: [DB2, Derby, H2, HSQL, Informix, MS-SQL, MySQL, Oracle, PostgreSQL, Sybase]
[ERROR] [2016-02-23 15:47:08][com.ssm.service.impl.UserServiceImpl]
### Error updating database.  Cause: com.mysql.jdbc.MysqlDataTruncation: Data truncation: Data too long for column 'userName' at row 1
### The error may involve com.ssm.dao.UserDao.createUser-Inline
### The error occurred while setting parameters
### SQL: insert into ssm_user (userName,password,age) values (?,?,?)
### Cause: com.mysql.jdbc.MysqlDataTruncation: Data truncation: Data too long for column 'userName' at row 1
; SQL []; Data truncation: Data too long for column 'userName' at row 1; nested exception is com.mysql.jdbc.MysqlDataTruncation: Data truncation: Data too long for column 'userName' at row 1
[INFO] [2016-02-23 15:47:08][org.springframework.context.support.GenericApplicationContext]Closing org.springframework.context.support.GenericApplicationContext@3b81a1bc: startup date [Tue Feb 23 15:47:08 CST 2016]; root of context hierarchy
[INFO] [2016-02-23 15:48:21][org.springframework.beans.factory.xml.XmlBeanDefinitionReader]Loading XML bean definitions from class path resource [spring-mybatis.xml]
[INFO] [2016-02-23 15:48:21][org.springframework.context.support.GenericApplicationContext]Refreshing org.springframework.context.support.GenericApplicationContext@3b81a1bc: startup date [Tue Feb 23 15:48:21 CST 2016]; root of context hierarchy
[INFO] [2016-02-23 15:48:21][org.springframework.beans.factory.config.PropertyPlaceholderConfigurer]Loading properties file from class path resource [jdbc.properties]
[INFO] [2016-02-23 15:48:21][org.springframework.beans.factory.annotation.AutowiredAnnotationBeanPostProcessor]JSR-330 'javax.inject.Inject' annotation found and supported for autowiring
[INFO] [2016-02-23 15:48:22][org.springframework.context.support.GenericApplicationContext]Closing org.springframework.context.support.GenericApplicationContext@3b81a1bc: startup date [Tue Feb 23 15:48:21 CST 2016]; root of context hierarchy
[INFO] [2016-02-23 15:48:37][org.springframework.beans.factory.xml.XmlBeanDefinitionReader]Loading XML bean definitions from class path resource [spring-mybatis.xml]
[INFO] [2016-02-23 15:48:37][org.springframework.context.support.GenericApplicationContext]Refreshing org.springframework.context.support.GenericApplicationContext@3b81a1bc: startup date [Tue Feb 23 15:48:37 CST 2016]; root of context hierarchy
[INFO] [2016-02-23 15:48:37][org.springframework.beans.factory.config.PropertyPlaceholderConfigurer]Loading properties file from class path resource [jdbc.properties]
[INFO] [2016-02-23 15:48:37][org.springframework.beans.factory.annotation.AutowiredAnnotationBeanPostProcessor]JSR-330 'javax.inject.Inject' annotation found and supported for autowiring
[INFO] [2016-02-23 15:48:38][org.springframework.beans.factory.xml.XmlBeanDefinitionReader]Loading XML bean definitions from class path resource [org/springframework/jdbc/support/sql-error-codes.xml]
[INFO] [2016-02-23 15:48:38][org.springframework.jdbc.support.SQLErrorCodesFactory]SQLErrorCodes loaded: [DB2, Derby, H2, HSQL, Informix, MS-SQL, MySQL, Oracle, PostgreSQL, Sybase]
[INFO] [2016-02-23 15:48:38][org.springframework.context.support.GenericApplicationContext]Closing org.springframework.context.support.GenericApplicationContext@3b81a1bc: startup date [Tue Feb 23 15:48:37 CST 2016]; root of context hierarchy
[INFO] [2016-02-23 15:50:25][org.springframework.beans.factory.xml.XmlBeanDefinitionReader]Loading XML bean definitions from class path resource [spring-mybatis.xml]
[INFO] [2016-02-23 15:50:25][org.springframework.context.support.GenericApplicationContext]Refreshing org.springframework.context.support.GenericApplicationContext@3b81a1bc: startup date [Tue Feb 23 15:50:25 CST 2016]; root of context hierarchy
[INFO] [2016-02-23 15:50:25][org.springframework.beans.factory.config.PropertyPlaceholderConfigurer]Loading properties file from class path resource [jdbc.properties]
[INFO] [2016-02-23 15:50:25][org.springframework.beans.factory.annotation.AutowiredAnnotationBeanPostProcessor]JSR-330 'javax.inject.Inject' annotation found and supported for autowiring
[INFO] [2016-02-23 15:50:26][org.springframework.beans.factory.xml.XmlBeanDefinitionReader]Loading XML bean definitions from class path resource [org/springframework/jdbc/support/sql-error-codes.xml]
[INFO] [2016-02-23 15:50:26][org.springframework.jdbc.support.SQLErrorCodesFactory]SQLErrorCodes loaded: [DB2, Derby, H2, HSQL, Informix, MS-SQL, MySQL, Oracle, PostgreSQL, Sybase]
[ERROR] [2016-02-23 15:50:26][com.ssm.service.impl.UserServiceImpl]
### Error updating database.  Cause: com.mysql.jdbc.MysqlDataTruncation: Data truncation: Data too long for column 'userName' at row 1
### The error may involve com.ssm.dao.UserDao.createUser-Inline
### The error occurred while setting parameters
### SQL: insert into ssm_user (userName,password,age) values (?,?,?)
### Cause: com.mysql.jdbc.MysqlDataTruncation: Data truncation: Data too long for column 'userName' at row 1
; SQL []; Data truncation: Data too long for column 'userName' at row 1; nested exception is com.mysql.jdbc.MysqlDataTruncation: Data truncation: Data too long for column 'userName' at row 1
[INFO] [2016-02-23 15:50:26][org.springframework.context.support.GenericApplicationContext]Closing org.springframework.context.support.GenericApplicationContext@3b81a1bc: startup date [Tue Feb 23 15:50:25 CST 2016]; root of context hierarchy
[INFO] [2016-02-23 15:52:38][org.springframework.beans.factory.xml.XmlBeanDefinitionReader]Loading XML bean definitions from class path resource [spring-mybatis.xml]
[INFO] [2016-02-23 15:52:38][org.springframework.context.support.GenericApplicationContext]Refreshing org.springframework.context.support.GenericApplicationContext@3b81a1bc: startup date [Tue Feb 23 15:52:38 CST 2016]; root of context hierarchy
[INFO] [2016-02-23 15:52:38][org.springframework.beans.factory.config.PropertyPlaceholderConfigurer]Loading properties file from class path resource [jdbc.properties]
[INFO] [2016-02-23 15:52:38][org.springframework.beans.factory.annotation.AutowiredAnnotationBeanPostProcessor]JSR-330 'javax.inject.Inject' annotation found and supported for autowiring
[INFO] [2016-02-23 15:52:38][org.springframework.context.support.GenericApplicationContext]Closing org.springframework.context.support.GenericApplicationContext@3b81a1bc: startup date [Tue Feb 23 15:52:38 CST 2016]; root of context hierarchy
[INFO] [2016-02-23 15:53:36][org.springframework.beans.factory.xml.XmlBeanDefinitionReader]Loading XML bean definitions from class path resource [spring-mybatis.xml]
[INFO] [2016-02-23 15:53:36][org.springframework.context.support.GenericApplicationContext]Refreshing org.springframework.context.support.GenericApplicationContext@3b81a1bc: startup date [Tue Feb 23 15:53:36 CST 2016]; root of context hierarchy
[INFO] [2016-02-23 15:53:36][org.springframework.beans.factory.config.PropertyPlaceholderConfigurer]Loading properties file from class path resource [jdbc.properties]
[INFO] [2016-02-23 15:53:36][org.springframework.beans.factory.annotation.AutowiredAnnotationBeanPostProcessor]JSR-330 'javax.inject.Inject' annotation found and supported for autowiring
[INFO] [2016-02-23 15:53:37][org.springframework.context.support.GenericApplicationContext]Closing org.springframework.context.support.GenericApplicationContext@3b81a1bc: startup date [Tue Feb 23 15:53:36 CST 2016]; root of context hierarchy
